[debug] [2021-07-05T01:24:04.781Z] ----------------------------------------------------------------------
[debug] [2021-07-05T01:24:04.784Z] Command:       /home/costa/.nvm/versions/node/v16.4.0/bin/node /home/costa/.nvm/versions/node/v16.4.0/bin/firebase init
[debug] [2021-07-05T01:24:04.784Z] CLI Version:   9.14.0
[debug] [2021-07-05T01:24:04.784Z] Platform:      linux
[debug] [2021-07-05T01:24:04.784Z] Node Version:  v16.4.0
[debug] [2021-07-05T01:24:04.785Z] Time:          Sun Jul 04 2021 22:24:04 GMT-0300 (Horário Padrão de Brasília)
[debug] [2021-07-05T01:24:04.785Z] ----------------------------------------------------------------------
[debug] 
[debug] [2021-07-05T01:24:04.790Z] > command requires scopes: ["email","openid","https://www.googleapis.com/auth/cloudplatformprojects.readonly","https://www.googleapis.com/auth/firebase","https://www.googleapis.com/auth/cloud-platform"]
[debug] [2021-07-05T01:24:04.790Z] > authorizing via signed-in user (danieldesbravador45@gmail.com)
[info] 
     ######## #### ########  ######## ########     ###     ######  ########
     ##        ##  ##     ## ##       ##     ##  ##   ##  ##       ##
     ######    ##  ########  ######   ########  #########  ######  ######
     ##        ##  ##    ##  ##       ##     ## ##     ##       ## ##
     ##       #### ##     ## ######## ########  ##     ##  ######  ########

You're about to initialize a Firebase project in this directory:

  /home/costa/NLW/Together/trilha-reactjs/letmeask

Before we get started, keep in mind:

  * You are initializing within an existing Firebase project directory

[info] 
=== Project Setup
[info] 
[info] First, let's associate this project directory with a Firebase project.
[info] You can create multiple project aliases by running firebase use --add, 
[info] but for now we'll just set up a default project.
[info] 
[debug] [2021-07-05T01:24:13.475Z] > refreshing access token with scopes: []
[debug] [2021-07-05T01:24:13.476Z] >>> HTTP REQUEST POST https://www.googleapis.com/oauth2/v3/token  
 <request body omitted>
[debug] [2021-07-05T01:24:13.802Z] <<< HTTP RESPONSE 200 {"cache-control":"no-cache, no-store, max-age=0, must-revalidate","expires":"Mon, 01 Jan 1990 00:00:00 GMT","pragma":"no-cache","date":"Mon, 05 Jul 2021 01:24:13 GMT","content-type":"application/json; charset=utf-8","vary":"X-Origin, Referer, Origin,Accept-Encoding","server":"scaffolding on HTTPServer2","x-xss-protection":"0","x-frame-options":"SAMEORIGIN","x-content-type-options":"nosniff","alt-svc":"h3=\":443\"; ma=2592000,h3-29=\":443\"; ma=2592000,h3-T051=\":443\"; ma=2592000,h3-Q050=\":443\"; ma=2592000,h3-Q046=\":443\"; ma=2592000,h3-Q043=\":443\"; ma=2592000,quic=\":443\"; ma=2592000; v=\"46,43\"","accept-ranges":"none","transfer-encoding":"chunked"}
[debug] [2021-07-05T01:24:13.810Z] >>> [apiv2][query] GET https://firebase.googleapis.com/v1beta1/projects/letmeask-2c75c [none]
[debug] [2021-07-05T01:24:14.889Z] <<< [apiv2][status] GET https://firebase.googleapis.com/v1beta1/projects/letmeask-2c75c 200
[debug] [2021-07-05T01:24:14.890Z] <<< [apiv2][body] GET https://firebase.googleapis.com/v1beta1/projects/letmeask-2c75c {"projectId":"letmeask-2c75c","projectNumber":"438624317116","displayName":"Letmeask","name":"projects/letmeask-2c75c","resources":{"hostingSite":"letmeask-2c75c","realtimeDatabaseInstance":"letmeask-2c75c-default-rtdb"},"state":"ACTIVE"}
[info] i  Using project letmeask-2c75c (Letmeask) 
[info] 
=== Database Setup
[info] i  database: ensuring required API firebasedatabase.googleapis.com is enabled... 
[debug] [2021-07-05T01:24:14.898Z] > refreshing access token with scopes: ["email","https://www.googleapis.com/auth/cloud-platform","https://www.googleapis.com/auth/cloudplatformprojects.readonly","https://www.googleapis.com/auth/firebase","openid"]
[debug] [2021-07-05T01:24:14.898Z] >>> HTTP REQUEST POST https://www.googleapis.com/oauth2/v3/token  
 <request body omitted>
[debug] [2021-07-05T01:24:15.210Z] <<< HTTP RESPONSE 200 {"date":"Mon, 05 Jul 2021 01:24:15 GMT","expires":"Mon, 01 Jan 1990 00:00:00 GMT","pragma":"no-cache","cache-control":"no-cache, no-store, max-age=0, must-revalidate","content-type":"application/json; charset=utf-8","vary":"X-Origin, Referer, Origin,Accept-Encoding","server":"scaffolding on HTTPServer2","x-xss-protection":"0","x-frame-options":"SAMEORIGIN","x-content-type-options":"nosniff","alt-svc":"h3=\":443\"; ma=2592000,h3-29=\":443\"; ma=2592000,h3-T051=\":443\"; ma=2592000,h3-Q050=\":443\"; ma=2592000,h3-Q046=\":443\"; ma=2592000,h3-Q043=\":443\"; ma=2592000,quic=\":443\"; ma=2592000; v=\"46,43\"","accept-ranges":"none","transfer-encoding":"chunked"}
[debug] [2021-07-05T01:24:15.218Z] >>> HTTP REQUEST GET https://serviceusage.googleapis.com/v1/projects/letmeask-2c75c/services/firebasedatabase.googleapis.com  
 
[debug] [2021-07-05T01:24:19.005Z] ----------------------------------------------------------------------
[debug] [2021-07-05T01:24:19.008Z] Command:       /home/costa/.nvm/versions/node/v16.4.0/bin/node /home/costa/.nvm/versions/node/v16.4.0/bin/firebase init
[debug] [2021-07-05T01:24:19.008Z] CLI Version:   9.14.0
[debug] [2021-07-05T01:24:19.008Z] Platform:      linux
[debug] [2021-07-05T01:24:19.008Z] Node Version:  v16.4.0
[debug] [2021-07-05T01:24:19.009Z] Time:          Sun Jul 04 2021 22:24:19 GMT-0300 (Horário Padrão de Brasília)
[debug] [2021-07-05T01:24:19.009Z] ----------------------------------------------------------------------
[debug] 
[debug] [2021-07-05T01:24:19.015Z] > command requires scopes: ["email","openid","https://www.googleapis.com/auth/cloudplatformprojects.readonly","https://www.googleapis.com/auth/firebase","https://www.googleapis.com/auth/cloud-platform"]
[debug] [2021-07-05T01:24:19.015Z] > authorizing via signed-in user (danieldesbravador45@gmail.com)
[info] 
     ######## #### ########  ######## ########     ###     ######  ########
     ##        ##  ##     ## ##       ##     ##  ##   ##  ##       ##
     ######    ##  ########  ######   ########  #########  ######  ######
     ##        ##  ##    ##  ##       ##     ## ##     ##       ## ##
     ##       #### ##     ## ######## ########  ##     ##  ######  ########

You're about to initialize a Firebase project in this directory:

  /home/costa/NLW/Together/trilha-reactjs/letmeask

Before we get started, keep in mind:

  * You are initializing within an existing Firebase project directory

[info] 
=== Project Setup
[info] 
[info] First, let's associate this project directory with a Firebase project.
[info] You can create multiple project aliases by running firebase use --add, 
[info] but for now we'll just set up a default project.
[info] 
[debug] [2021-07-05T01:24:32.862Z] > refreshing access token with scopes: []
[debug] [2021-07-05T01:24:32.863Z] >>> HTTP REQUEST POST https://www.googleapis.com/oauth2/v3/token  
 <request body omitted>
[debug] [2021-07-05T01:24:33.151Z] <<< HTTP RESPONSE 200 {"date":"Mon, 05 Jul 2021 01:24:33 GMT","cache-control":"no-cache, no-store, max-age=0, must-revalidate","expires":"Mon, 01 Jan 1990 00:00:00 GMT","pragma":"no-cache","content-type":"application/json; charset=utf-8","vary":"X-Origin, Referer, Origin,Accept-Encoding","server":"scaffolding on HTTPServer2","x-xss-protection":"0","x-frame-options":"SAMEORIGIN","x-content-type-options":"nosniff","alt-svc":"h3=\":443\"; ma=2592000,h3-29=\":443\"; ma=2592000,h3-T051=\":443\"; ma=2592000,h3-Q050=\":443\"; ma=2592000,h3-Q046=\":443\"; ma=2592000,h3-Q043=\":443\"; ma=2592000,quic=\":443\"; ma=2592000; v=\"46,43\"","accept-ranges":"none","transfer-encoding":"chunked"}
[debug] [2021-07-05T01:24:33.159Z] >>> [apiv2][query] GET https://firebase.googleapis.com/v1beta1/projects/letmeask-2c75c [none]
[debug] [2021-07-05T01:24:34.237Z] <<< [apiv2][status] GET https://firebase.googleapis.com/v1beta1/projects/letmeask-2c75c 200
[debug] [2021-07-05T01:24:34.237Z] <<< [apiv2][body] GET https://firebase.googleapis.com/v1beta1/projects/letmeask-2c75c {"projectId":"letmeask-2c75c","projectNumber":"438624317116","displayName":"Letmeask","name":"projects/letmeask-2c75c","resources":{"hostingSite":"letmeask-2c75c","realtimeDatabaseInstance":"letmeask-2c75c-default-rtdb"},"state":"ACTIVE"}
[info] i  Using project letmeask-2c75c (Letmeask) 
[info] 
=== Database Setup
[info] i  database: ensuring required API firebasedatabase.googleapis.com is enabled... 
[debug] [2021-07-05T01:24:34.243Z] > refreshing access token with scopes: ["email","https://www.googleapis.com/auth/cloud-platform","https://www.googleapis.com/auth/cloudplatformprojects.readonly","https://www.googleapis.com/auth/firebase","openid"]
[debug] [2021-07-05T01:24:34.244Z] >>> HTTP REQUEST POST https://www.googleapis.com/oauth2/v3/token  
 <request body omitted>
[debug] [2021-07-05T01:24:34.559Z] <<< HTTP RESPONSE 200 {"date":"Mon, 05 Jul 2021 01:24:34 GMT","cache-control":"no-cache, no-store, max-age=0, must-revalidate","expires":"Mon, 01 Jan 1990 00:00:00 GMT","pragma":"no-cache","content-type":"application/json; charset=utf-8","vary":"X-Origin, Referer, Origin,Accept-Encoding","server":"scaffolding on HTTPServer2","x-xss-protection":"0","x-frame-options":"SAMEORIGIN","x-content-type-options":"nosniff","alt-svc":"h3=\":443\"; ma=2592000,h3-29=\":443\"; ma=2592000,h3-T051=\":443\"; ma=2592000,h3-Q050=\":443\"; ma=2592000,h3-Q046=\":443\"; ma=2592000,h3-Q043=\":443\"; ma=2592000,quic=\":443\"; ma=2592000; v=\"46,43\"","accept-ranges":"none","transfer-encoding":"chunked"}
[debug] [2021-07-05T01:24:34.566Z] >>> HTTP REQUEST GET https://serviceusage.googleapis.com/v1/projects/letmeask-2c75c/services/firebasedatabase.googleapis.com  
 
[debug] [2021-07-05T01:24:35.665Z] <<< HTTP RESPONSE 200 {"content-type":"application/json; charset=UTF-8","vary":"X-Origin, Referer, Origin,Accept-Encoding","date":"Mon, 05 Jul 2021 01:24:35 GMT","server":"ESF","cache-control":"private","x-xss-protection":"0","x-frame-options":"SAMEORIGIN","x-content-type-options":"nosniff","alt-svc":"h3=\":443\"; ma=2592000,h3-29=\":443\"; ma=2592000,h3-T051=\":443\"; ma=2592000,h3-Q050=\":443\"; ma=2592000,h3-Q046=\":443\"; ma=2592000,h3-Q043=\":443\"; ma=2592000,quic=\":443\"; ma=2592000; v=\"46,43\"","accept-ranges":"none","transfer-encoding":"chunked"}
[info] ✔  database: required API firebasedatabase.googleapis.com is enabled 
[info] 
[debug] [2021-07-05T01:24:35.670Z] >>> HTTP REQUEST GET https://firebasedatabase.googleapis.com/v1beta/projects/letmeask-2c75c/locations/-/instances/letmeask-2c75c-default-rtdb  
 
[debug] [2021-07-05T01:24:36.929Z] <<< HTTP RESPONSE 200 {"content-type":"application/json; charset=UTF-8","vary":"X-Origin, Referer, Origin,Accept-Encoding","date":"Mon, 05 Jul 2021 01:24:36 GMT","server":"ESF","cache-control":"private","x-xss-protection":"0","x-frame-options":"SAMEORIGIN","x-content-type-options":"nosniff","alt-svc":"h3=\":443\"; ma=2592000,h3-29=\":443\"; ma=2592000,h3-T051=\":443\"; ma=2592000,h3-Q050=\":443\"; ma=2592000,h3-Q046=\":443\"; ma=2592000,h3-Q043=\":443\"; ma=2592000,quic=\":443\"; ma=2592000; v=\"46,43\"","accept-ranges":"none","transfer-encoding":"chunked"}
[info] 
[info] Firebase Realtime Database Security Rules allow you to define how your data should be
[info] structured and when your data can be read from and written to.
[info] 
[debug] [2021-07-05T01:24:42.541Z] >>> HTTP REQUEST GET https://letmeask-2c75c-default-rtdb.firebaseio.com/.settings/rules.json  
 
[debug] [2021-07-05T01:24:43.222Z] <<< HTTP RESPONSE 200 {"server":"nginx","date":"Mon, 05 Jul 2021 01:24:43 GMT","content-type":"application/json; charset=utf-8","content-length":"571","connection":"keep-alive","access-control-allow-origin":"*","cache-control":"no-cache","strict-transport-security":"max-age=31556926; includeSubDomains; preload"}
[info] ✔  Database Rules for letmeask-2c75c-default-rtdb have been written to database.rules.json. 
[info] Future modifications to database.rules.json will update Realtime Database Security Rules when you run
[info] firebase deploy.
[info] 
=== Hosting Setup
[info] 
[info] Your public directory is the folder (relative to your project directory) that
[info] will contain Hosting assets to be uploaded with firebase deploy. If you
[info] have a build process for your assets, use your build's output directory.
[info] 
[debug] [2021-07-05T01:25:20.164Z] >>> [apiv2][query] GET https://www.gstatic.com/firebasejs/releases.json [none]
[debug] [2021-07-05T01:25:20.407Z] <<< [apiv2][status] GET https://www.gstatic.com/firebasejs/releases.json 200
[debug] [2021-07-05T01:25:20.407Z] <<< [apiv2][body] GET https://www.gstatic.com/firebasejs/releases.json {"current":{"version":"8.7.0","browserURL":"https://www.gstatic.com/firebasejs/8.7.0/firebase.js","packageURL":"https://www.gstatic.com/firebasejs/8.7.0/firebase.tgz"},"live":{"version":"8.7","browserURL":"https://www.gstatic.com/firebasejs/live/8.7/firebase.js","packageURL":"https://www.gstatic.com/firebasejs/live/8.7/firebase.tgz"},"components":{"analytics":"https://www.gstatic.com/firebasejs/8.7.0/firebase-analytics.js","app":"https://www.gstatic.com/firebasejs/8.7.0/firebase-app.js","app-check":"https://www.gstatic.com/firebasejs/8.7.0/firebase-app-check.js","auth":"https://www.gstatic.com/firebasejs/8.7.0/firebase-auth.js","database":"https://www.gstatic.com/firebasejs/8.7.0/firebase-database.js","firestore":"https://www.gstatic.com/firebasejs/8.7.0/firebase-firestore.js","functions":"https://www.gstatic.com/firebasejs/8.7.0/firebase-functions.js","installations":"https://www.gstatic.com/firebasejs/8.7.0/firebase-installations.js","messaging":"https://www.gstatic.com/firebasejs/8.7.0/firebase-messaging.js","storage":"https://www.gstatic.com/firebasejs/8.7.0/firebase-storage.js","performance":"https://www.gstatic.com/firebasejs/8.7.0/firebase-performance.js","remote-config":"https://www.gstatic.com/firebasejs/8.7.0/firebase-remote-config.js","firestore.memory":"https://www.gstatic.com/firebasejs/8.7.0/firebase-firestore.memory.js"}}
[info] ✔  Wrote build/index.html 
[info] 
[info] i  Detected a .git folder at /home/costa/NLW/Together/trilha-reactjs/letmeask 
[info] i  Authorizing with GitHub to upload your service account to a GitHub repository's secrets store. 
[info] 
[info] Visit this URL on this device to log in:
[info] https://github.com/login/oauth/authorize?client_id=89cf50f02ac6aaed3484&state=889198909&redirect_uri=http%3A%2F%2Flocalhost%3A9005&scope=read%3Auser%20repo%20public_repo
[info] 
[info] Waiting for authentication...
[debug] [2021-07-05T01:25:29.881Z] >>> HTTP REQUEST POST https://github.com/login/oauth/access_token  
 {"client_id":"89cf50f02ac6aaed3484","client_secret":"3330d14abc895d9a74d5f17cd7a00711fa2c5bf0","code":"1b572e50bec52f90153e","redirect_uri":"http://localhost:9005","state":"889198909"}
[debug] [2021-07-05T01:25:30.280Z] <<< HTTP RESPONSE 200 {"server":"GitHub.com","date":"Mon, 05 Jul 2021 01:25:30 GMT","content-type":"application/json; charset=utf-8","transfer-encoding":"chunked","vary":"X-PJAX, Accept-Encoding, Accept, X-Requested-With","permissions-policy":"interest-cohort=()","etag":"W/\"4cbd1586239339e3912ee7da20af6cf2\"","cache-control":"max-age=0, private, must-revalidate","strict-transport-security":"max-age=31536000; includeSubdomains; preload","x-frame-options":"deny","x-content-type-options":"nosniff","x-xss-protection":"0","referrer-policy":"origin-when-cross-origin, strict-origin-when-cross-origin","expect-ct":"max-age=2592000, report-uri=\"https://api.github.com/_private/browser/errors\"","content-security-policy":"default-src 'none'; base-uri 'self'; block-all-mixed-content; connect-src 'self' uploads.github.com www.githubstatus.com collector.githubapp.com api.github.com github-cloud.s3.amazonaws.com github-production-repository-file-5c1aeb.s3.amazonaws.com github-production-upload-manifest-file-7fdce7.s3.amazonaws.com github-production-user-asset-6210df.s3.amazonaws.com cdn.optimizely.com logx.optimizely.com/v1/events translator.github.com wss://alive.github.com; font-src github.githubassets.com; form-action 'self' github.com gist.github.com; frame-ancestors 'none'; frame-src render.githubusercontent.com render-temp.githubusercontent.com viewscreen.githubusercontent.com; img-src 'self' data: github.githubassets.com identicons.github.com collector.githubapp.com github-cloud.s3.amazonaws.com secured-user-images.githubusercontent.com/ *.githubusercontent.com; manifest-src 'self'; media-src 'none'; script-src github.githubassets.com; style-src 'unsafe-inline' github.githubassets.com; worker-src github.com/socket-worker-3f088aa2.js gist.github.com/socket-worker-3f088aa2.js","x-github-request-id":"1D77:7B6E:43E9516:560DB92:60E25F8A"}
[debug] [2021-07-05T01:25:30.289Z] >>> [apiv2][query] GET https://api.github.com/user [none]
[debug] [2021-07-05T01:25:30.716Z] <<< [apiv2][status] GET https://api.github.com/user 200
[debug] [2021-07-05T01:25:30.718Z] <<< [apiv2][body] GET https://api.github.com/user {"login":"DanielSCosta10","id":82659355,"node_id":"MDQ6VXNlcjgyNjU5MzU1","avatar_url":"https://avatars.githubusercontent.com/u/82659355?v=4","gravatar_id":"","url":"https://api.github.com/users/DanielSCosta10","html_url":"https://github.com/DanielSCosta10","followers_url":"https://api.github.com/users/DanielSCosta10/followers","following_url":"https://api.github.com/users/DanielSCosta10/following{/other_user}","gists_url":"https://api.github.com/users/DanielSCosta10/gists{/gist_id}","starred_url":"https://api.github.com/users/DanielSCosta10/starred{/owner}{/repo}","subscriptions_url":"https://api.github.com/users/DanielSCosta10/subscriptions","organizations_url":"https://api.github.com/users/DanielSCosta10/orgs","repos_url":"https://api.github.com/users/DanielSCosta10/repos","events_url":"https://api.github.com/users/DanielSCosta10/events{/privacy}","received_events_url":"https://api.github.com/users/DanielSCosta10/received_events","type":"User","site_admin":false,"name":null,"company":null,"blog":"","location":null,"email":null,"hireable":null,"bio":null,"twitter_username":null,"public_repos":1,"public_gists":0,"followers":0,"following":0,"created_at":"2021-04-16T13:04:32Z","updated_at":"2021-07-05T01:25:29Z","private_gists":0,"total_private_repos":0,"owned_private_repos":0,"disk_usage":0,"collaborators":0,"two_factor_authentication":false,"plan":{"name":"free","space":976562499,"collaborators":0,"private_repos":10000}}
[info] 
[info] ✔  Success! Logged into GitHub as DanielSCosta10 
[info] 
[debug] [2021-07-05T01:25:46.729Z] >>> [apiv2][query] GET https://api.github.com/repos//actions/secrets/public-key type=owner
[debug] [2021-07-05T01:25:47.109Z] <<< [apiv2][status] GET https://api.github.com/repos//actions/secrets/public-key 404
[debug] [2021-07-05T01:25:47.109Z] <<< [apiv2][body] GET https://api.github.com/repos//actions/secrets/public-key {"message":"Not Found","documentation_url":"https://docs.github.com/rest"}
[debug] [2021-07-05T01:26:05.186Z] >>> [apiv2][query] GET https://api.github.com/repos//actions/secrets/public-key type=owner
[debug] [2021-07-05T01:26:05.629Z] <<< [apiv2][status] GET https://api.github.com/repos//actions/secrets/public-key 404
[debug] [2021-07-05T01:26:05.630Z] <<< [apiv2][body] GET https://api.github.com/repos//actions/secrets/public-key {"message":"Not Found","documentation_url":"https://docs.github.com/rest"}
[debug] [2021-07-05T01:27:23.409Z] >>> [apiv2][query] GET https://api.github.com/repos//actions/secrets/public-key type=owner
[debug] [2021-07-05T01:27:23.935Z] <<< [apiv2][status] GET https://api.github.com/repos//actions/secrets/public-key 404
[debug] [2021-07-05T01:27:23.936Z] <<< [apiv2][body] GET https://api.github.com/repos//actions/secrets/public-key {"message":"Not Found","documentation_url":"https://docs.github.com/rest"}
